<?xml version="1.0" encoding="UTF-8"?>
<!-- Generated by org.testng.reporters.JUnitXMLReporter -->
<testsuite hostname="Aarya" ignored="0" name="Default test" tests="3" failures="0" timestamp="10 Oct 2021 19:24:35 GMT" time="2.497" errors="0">
  <testcase name="testDelete" time="1.565" classname="rough.PutPatchAndDelete"/>
  <testcase name="testPatch" time="0.481" classname="rough.PutPatchAndDelete"/>
  <testcase name="testPut" time="0.425" classname="rough.PutPatchAndDelete"/>
</testsuite> <!-- Default test -->
