<?xml version="1.0" encoding="UTF-8"?>
<testng-results skipped="0" failed="0" ignored="0" total="1" passed="1">
  <reporter-output>
  </reporter-output>
  <suite name="Default suite" duration-ms="2170" started-at="2021-07-01T15:56:21Z" finished-at="2021-07-01T15:56:23Z">
    <groups>
    </groups>
    <test name="Default test" duration-ms="2170" started-at="2021-07-01T15:56:21Z" finished-at="2021-07-01T15:56:23Z">
      <class name="testCases.Post_or_Create_From_File">
        <test-method status="PASS" signature="create_A_Product()[pri:0, instance:testCases.Post_or_Create_From_File@769e7ee8]" name="create_A_Product" duration-ms="2147" started-at="2021-07-01T15:56:21Z" finished-at="2021-07-01T15:56:23Z">
          <reporter-output>
          </reporter-output>
        </test-method> <!-- create_A_Product -->
      </class> <!-- testCases.Post_or_Create_From_File -->
    </test> <!-- Default test -->
  </suite> <!-- Default suite -->
</testng-results>
